
T2F4C 4377:134 SEGGER J-Link V6.10 Log File (0001ms, 1896ms total)
T2F4C 4377:134 DLL Compiled: Sep 14 2016 16:45:07 (0001ms, 1896ms total)
T2F4C 4377:134 Logging started @ 2017-06-17 13:56 (0001ms, 1896ms total)
T14C0 4378:445 JLINK_EMU_GetList(InterfaceMask = 0x00000001, MaxInfos = 0x00000032) [0]: USB, S/N: 269303623  returns 0x01 (0000ms, 1896ms total)
T14C0 4379:771 JLINK_EMU_GetList(InterfaceMask = 0x00000001, MaxInfos = 0x00000032) [0]: USB, S/N: 269303623  returns 0x01 (0001ms, 1897ms total)
T2F4C 4379:889 JLINK_ExecCommand("Device = AT91SAM3X8E", ...). Device "ATSAM3X8E" selected.  returns 0x00 (0002ms, 1899ms total)
T14C0 4381:082 JLINK_EMU_GetList(InterfaceMask = 0x00000001, MaxInfos = 0x00000032) [0]: USB, S/N: 269303623  returns 0x01 (0017ms, 1916ms total)
T2F4C 4382:326 JLINK_ExecCommand("ProjectFile = C:\Users\Ali\Documents\HERON Mk II\CDH\OBC-Main\jlink.config", ...).   returns 0x00 (0002ms, 1918ms total)
T14C0 4382:410 JLINK_EMU_GetList(InterfaceMask = 0x00000001, MaxInfos = 0x00000032) [0]: USB, S/N: 269303623  returns 0x01 (0000ms, 1918ms total)
T14C0 4383:723 JLINK_EMU_GetList(InterfaceMask = 0x00000001, MaxInfos = 0x00000032) [0]: USB, S/N: 269303623  returns 0x01 (0000ms, 1918ms total)
T2F4C 4383:948 JLINK_ExecCommand("Device = AT91SAM3X8E", ...). Device "ATSAM3X8E" selected.  returns 0x00 (0001ms, 1919ms total)
T2F4C 4383:949 JLINK_TIF_Select(JLINKARM_TIF_JTAG)  returns 0x00 (0001ms, 1920ms total)
T2F4C 4383:950 JLINK_GetIdData(...) >0x2F8 JTAG>TotalIRLen = 4, IRPrint = 0x01 >0x30 JTAG> >0x410 JTAG> >0x70 JTAG> >0x48 JTAG> >0x40 JTAG> >0x48 JTAG>AP-IDR: 0x24770011, Type: AHB-AP >0x78 JTAG> >0x40 JTAG> >0x30 JTAG> >0x40 JTAG> >0x40 JTAG> >0x30 JTAG> >0x40 JTAG> >0x48 JTAG>Found Cortex-M3 r2p0, Little endian. -- CPU_ReadMem(4 bytes @ 0xE000EDF0) -- CPU_WriteMem(4 bytes @ 0xE000EDF0) -- CPU_ReadMem(4 bytes @ 0xE0002000)FPUnit: 6 code (BP) slots and 2 literal slots -- CPU_ReadMem(4 bytes @ 0xE000EDFC)
 -- CPU_WriteMem(4 bytes @ 0xE000EDFC) -- CPU_ReadMem(4 bytes @ 0xE0001000) -- CPU_WriteMem(4 bytes @ 0xE0001000) -- CPU_ReadMem(4 bytes @ 0xE000ED88) -- CPU_WriteMem(4 bytes @ 0xE000ED88) -- CPU_ReadMem(4 bytes @ 0xE000ED88) -- CPU_WriteMem(4 bytes @ 0xE000ED88)CoreSight components:ROMTbl 0 @ E00FF000 -- CPU_ReadMem(16 bytes @ 0xE00FF000) -- CPU_ReadMem(16 bytes @ 0xE000EFF0) -- CPU_ReadMem(16 bytes @ 0xE000EFE0)ROMTbl 0 [0]: FFF0F000, CID: B105E00D, PID: 002BB000 SCS
 -- CPU_ReadMem(16 bytes @ 0xE0001FF0) -- CPU_ReadMem(16 bytes @ 0xE0001FE0)ROMTbl 0 [1]: FFF02000, CID: B105E00D, PID: 002BB002 DWT -- CPU_ReadMem(16 bytes @ 0xE0002FF0) -- CPU_ReadMem(16 bytes @ 0xE0002FE0)ROMTbl 0 [2]: FFF03000, CID: B105E00D, PID: 002BB003 FPB -- CPU_ReadMem(16 bytes @ 0xE0000FF0) -- CPU_ReadMem(16 bytes @ 0xE0000FE0)ROMTbl 0 [3]: FFF01000, CID: B105E00D, PID: 002BB001 ITM -- CPU_ReadMem(16 bytes @ 0xE00FF010) -- CPU_ReadMem(16 bytes @ 0xE0040FF0)
 -- CPU_ReadMem(16 bytes @ 0xE0040FE0)ROMTbl 0 [4]: FFF41000, CID: B105900D, PID: 002BB923 TPIU-Lite ScanLen=4 NumDevices=1 aId[0]=0x4BA00477 aIrRead[0]=0 aScanLen[0]=0 aScanRead[0]=0 (0024ms, 1944ms total)
T2F4C 4383:974 JLINK_ConfigJTAG(IRPre = 0, DRPre = 0) (0000ms, 1944ms total)
T2F4C 4383:974 JLINK_SetSpeed(4000) (0000ms, 1944ms total)
T2F4C 4383:974 JLINK_ResetPullsRESET(OFF) (0000ms, 1944ms total)
T2F4C 4383:974 JLINK_Connect() >0x2F8 JTAG>TotalIRLen = 4, IRPrint = 0x01 >0x30 JTAG> >0x410 JTAG> >0x70 JTAG> >0x48 JTAG> >0x40 JTAG> >0x48 JTAG>AP-IDR: 0x24770011, Type: AHB-AP >0x78 JTAG> >0x40 JTAG> >0x30 JTAG> >0x40 JTAG> >0x40 JTAG> >0x30 JTAG> >0x40 JTAG> >0x48 JTAG>Found Cortex-M3 r2p0, Little endian. -- CPU_ReadMem(4 bytes @ 0xE000EDF0) -- CPU_ReadMem(4 bytes @ 0xE0002000)FPUnit: 6 code (BP) slots and 2 literal slots -- CPU_ReadMem(4 bytes @ 0xE000EDFC) -- CPU_ReadMem(4 bytes @ 0xE0001000)
 -- CPU_WriteMem(4 bytes @ 0xE0001000) -- CPU_ReadMem(4 bytes @ 0xE000ED88) -- CPU_WriteMem(4 bytes @ 0xE000ED88) -- CPU_ReadMem(4 bytes @ 0xE000ED88) -- CPU_WriteMem(4 bytes @ 0xE000ED88)CoreSight components:ROMTbl 0 @ E00FF000 -- CPU_ReadMem(16 bytes @ 0xE00FF000) -- CPU_ReadMem(16 bytes @ 0xE000EFF0) -- CPU_ReadMem(16 bytes @ 0xE000EFE0)ROMTbl 0 [0]: FFF0F000, CID: B105E00D, PID: 002BB000 SCS -- CPU_ReadMem(16 bytes @ 0xE0001FF0) -- CPU_ReadMem(16 bytes @ 0xE0001FE0)
ROMTbl 0 [1]: FFF02000, CID: B105E00D, PID: 002BB002 DWT -- CPU_ReadMem(16 bytes @ 0xE0002FF0) -- CPU_ReadMem(16 bytes @ 0xE0002FE0)ROMTbl 0 [2]: FFF03000, CID: B105E00D, PID: 002BB003 FPB -- CPU_ReadMem(16 bytes @ 0xE0000FF0) -- CPU_ReadMem(16 bytes @ 0xE0000FE0)ROMTbl 0 [3]: FFF01000, CID: B105E00D, PID: 002BB001 ITM -- CPU_ReadMem(16 bytes @ 0xE00FF010) -- CPU_ReadMem(16 bytes @ 0xE0040FF0) -- CPU_ReadMem(16 bytes @ 0xE0040FE0)ROMTbl 0 [4]: FFF41000, CID: B105900D, PID: 002BB923 TPIU-Lite
  returns 0x00 (0011ms, 1955ms total)
T2F4C 4383:985 JLINK_Halt()  returns 0x00 (0002ms, 1957ms total)
T2F4C 4383:987 JLINK_WriteMem(0x400E0A04, 0x0004 Bytes, ...) - Data: 0B 01 00 5A -- CPU_WriteMem(4 bytes @ 0x400E0A04)  returns 0x04 (0001ms, 1958ms total)
T2F4C 4383:988 JLINK_ReadMem (0x400E0A08, 0x0004 Bytes, ...) -- CPU_ReadMem(4 bytes @ 0x400E0A08) - Data: 01 00 00 00  returns 0x00 (0000ms, 1958ms total)
T2F4C 4383:988 JLINK_WriteMem(0x400E0A04, 0x0004 Bytes, ...) - Data: 0C 02 00 5A -- CPU_WriteMem(4 bytes @ 0x400E0A04)  returns 0x04 (0000ms, 1958ms total)
T2F4C 4383:988 JLINK_ReadMem (0x400E0A08, 0x0004 Bytes, ...) -- CPU_ReadMem(4 bytes @ 0x400E0A08) - Data: 01 00 00 00  returns 0x00 (0000ms, 1958ms total)
T2F4C 4383:988 JLINK_Reset() -- CPU_ReadMem(16 bytes @ 0x20000000) -- CPU_WriteMem(16 bytes @ 0x20000000) -- CPU_ReadMem(4 bytes @ 0xE000EDFC) -- CPU_WriteMem(4 bytes @ 0xE000EDFC) -- CPU_ReadMem(4 bytes @ 0xE0001000) -- CPU_WriteMem(4 bytes @ 0xE000ED0C) -- CPU_ReadMem(4 bytes @ 0xE000EDF0) -- CPU_ReadMem(4 bytes @ 0xE000EDF0) -- CPU_WriteMem(4 bytes @ 0xE000EDFC) -- CPU_WriteMem(16 bytes @ 0x20000000) -- CPU_WriteMem(4 bytes @ 0xE0002000) -- CPU_ReadMem(4 bytes @ 0xE000EDFC)
 -- CPU_ReadMem(4 bytes @ 0xE0001000) (0020ms, 1978ms total)
T2F4C 4384:010 JLINK_JTAG_GetDeviceID(DeviceIndex = 0)  returns 0x4BA00477 (0000ms, 1978ms total)
T2F4C 4384:010 JLINK_ReadMemU32(0x400E0940, 0x0001 Items, ...) -- CPU_ReadMem(4 bytes @ 0x400E0940) - Data: 60 0A 5E 28  returns 0x01 (0000ms, 1978ms total)
T2F4C 4384:010 JLINK_ReadMemU32(0x400E0944, 0x0001 Items, ...) -- CPU_ReadMem(4 bytes @ 0x400E0944) - Data: 00 00 00 00  returns 0x01 (0000ms, 1978ms total)
T2F4C 4384:010 JLINK_WriteMem(0x400E0A04, 0x0004 Bytes, ...) - Data: 05 00 00 5A -- CPU_WriteMem(4 bytes @ 0x400E0A04)  returns 0x04 (0001ms, 1979ms total)
T2F4C 4384:011 JLINK_WriteMem(0x400E0C04, 0x0004 Bytes, ...) - Data: 05 00 00 5A -- CPU_WriteMem(4 bytes @ 0x400E0C04)  returns 0x04 (0000ms, 1979ms total)
T2F4C 4384:011 JLINK_ReadMem (0x400E0A08, 0x0004 Bytes, ...) -- CPU_ReadMem(4 bytes @ 0x400E0A08) - Data: 00 00 00 00  returns 0x00 (0000ms, 1979ms total)
T2F4C 4384:013 JLINK_ReadMem (0x400E0A08, 0x0004 Bytes, ...) -- CPU_ReadMem(4 bytes @ 0x400E0A08) - Data: 00 00 00 00  returns 0x00 (0000ms, 1979ms total)
T2F4C 4384:017 JLINK_ReadMem (0x400E0A08, 0x0004 Bytes, ...) -- CPU_ReadMem(4 bytes @ 0x400E0A08) - Data: 00 00 00 00  returns 0x00 (0000ms, 1979ms total)
T24DC 4384:019 JLINK_IsHalted()  returns TRUE (0000ms, 1979ms total)
T24DC 4384:019 JLINK_GetMOEs(...) -- CPU_ReadMem(4 bytes @ 0xE000ED30)  returns 0x01 (0000ms, 1979ms total)
T24DC 4384:019 JLINK_ReadReg(R15 (PC))  returns 0x00080980 (0000ms, 1979ms total)
T2F4C 4384:033 JLINK_ReadMem (0x400E0A08, 0x0004 Bytes, ...) -- CPU_ReadMem(4 bytes @ 0x400E0A08) - Data: 01 00 00 00  returns 0x00 (0000ms, 1979ms total)
T2F4C 4384:033 JLINK_ReadMem (0x400E0C08, 0x0004 Bytes, ...) -- CPU_ReadMem(4 bytes @ 0x400E0C08) - Data: 01 00 00 00  returns 0x00 (0001ms, 1980ms total)
T24DC 4384:219 JLINK_IsHalted()  returns TRUE (0000ms, 1980ms total)
T2F4C 4384:220 JLINK_ResetPullsRESET(ON) (0000ms, 1980ms total)
T2F4C 4384:220 JLINK_ResetNoHalt() >0x2F8 JTAG>TotalIRLen = 4, IRPrint = 0x01 >0x30 JTAG> >0x410 JTAG> >0x70 JTAG> >0x48 JTAG> >0x40 JTAG> >0x48 JTAG>AP-IDR: 0x24770011, Type: AHB-AP >0x78 JTAG> >0x40 JTAG> >0x30 JTAG> >0x40 JTAG> >0x40 JTAG> >0x30 JTAG> >0x40 JTAG> >0x48 JTAG>Found Cortex-M3 r2p0, Little endian. -- CPU_ReadMem(4 bytes @ 0xE000EDF0) -- CPU_ReadMem(4 bytes @ 0xE0002000)FPUnit: 6 code (BP) slots and 2 literal slots -- CPU_ReadMem(4 bytes @ 0xE000EDFC) -- CPU_ReadMem(4 bytes @ 0xE0001000)
 -- CPU_ReadMem(4 bytes @ 0xE000ED88) -- CPU_WriteMem(4 bytes @ 0xE000ED88) -- CPU_ReadMem(4 bytes @ 0xE000ED88) -- CPU_WriteMem(4 bytes @ 0xE000ED88)CoreSight components:ROMTbl 0 @ E00FF000 -- CPU_ReadMem(16 bytes @ 0xE00FF000) -- CPU_ReadMem(16 bytes @ 0xE000EFF0) -- CPU_ReadMem(16 bytes @ 0xE000EFE0)ROMTbl 0 [0]: FFF0F000, CID: B105E00D, PID: 002BB000 SCS -- CPU_WriteMem(4 bytes @ 0xE0001000) -- CPU_ReadMem(16 bytes @ 0xE0001FF0) -- CPU_ReadMem(16 bytes @ 0xE0001FE0)
ROMTbl 0 [1]: FFF02000, CID: B105E00D, PID: 002BB002 DWT -- CPU_ReadMem(16 bytes @ 0xE0002FF0) -- CPU_ReadMem(16 bytes @ 0xE0002FE0)ROMTbl 0 [2]: FFF03000, CID: B105E00D, PID: 002BB003 FPB -- CPU_ReadMem(16 bytes @ 0xE0000FF0) -- CPU_ReadMem(16 bytes @ 0xE0000FE0)ROMTbl 0 [3]: FFF01000, CID: B105E00D, PID: 002BB001 ITM -- CPU_ReadMem(16 bytes @ 0xE00FF010) -- CPU_ReadMem(16 bytes @ 0xE0040FF0) -- CPU_ReadMem(16 bytes @ 0xE0040FE0)ROMTbl 0 [4]: FFF41000, CID: B105900D, PID: 002BB923 TPIU-Lite
                JLINK_Reset() -- CPU_ReadMem(16 bytes @ 0x20000000) -- CPU_WriteMem(16 bytes @ 0x20000000) -- CPU_ReadMem(4 bytes @ 0xE000EDFC) -- CPU_WriteMem(4 bytes @ 0xE000EDFC) -- CPU_ReadMem(4 bytes @ 0xE0001000) -- CPU_WriteMem(4 bytes @ 0xE0001004) -- CPU_WriteMem(4 bytes @ 0xE000ED0C) -- CPU_ReadMem(4 bytes @ 0xE000EDF0) -- CPU_ReadMem(4 bytes @ 0xE000EDF0) -- CPU_WriteMem(4 bytes @ 0xE000EDFC) -- CPU_WriteMem(16 bytes @ 0x20000000) -- CPU_WriteMem(4 bytes @ 0xE0002000)
 -- CPU_ReadMem(4 bytes @ 0xE000EDFC) -- CPU_ReadMem(4 bytes @ 0xE0001000) (0019ms, 0019ms total)
                JLINK_Go() -- CPU_ReadMem(4 bytes @ 0xE0001000) -- CPU_WriteMem(4 bytes @ 0xE0001004) (0001ms, 0020ms total)
               (0031ms, 2011ms total)
T2F4C 4384:252 JLINK_ExecCommand("ProjectFile = C:\Users\Ali\Documents\HERON Mk II\CDH\OBC-Main\jlink.config", ...).   returns 0x00 (0001ms, 2013ms total)
T14C0 4385:033 JLINK_EMU_GetList(InterfaceMask = 0x00000001, MaxInfos = 0x00000032) [0]: USB, S/N: 269303623  returns 0x01 (0001ms, 2014ms total)
T2F4C 4386:204 JLINK_ExecCommand("Device = AT91SAM3X8E", ...). Device "ATSAM3X8E" selected.  returns 0x00 (0002ms, 2016ms total)
T2F4C 4386:206 JLINK_TIF_Select(JLINKARM_TIF_JTAG)  returns 0x00 (0000ms, 2016ms total)
T2F4C 4386:206 JLINK_GetIdData(...) ScanLen=4 NumDevices=1 aId[0]=0x4BA00477 aIrRead[0]=0 aScanLen[0]=0 aScanRead[0]=0 (0000ms, 2016ms total)
T2F4C 4386:206 JLINK_ConfigJTAG(IRPre = 0, DRPre = 0) (0000ms, 2016ms total)
T2F4C 4386:206 JLINK_SetSpeed(4000) (0000ms, 2016ms total)
T2F4C 4386:206 JLINK_ResetPullsRESET(OFF) (0000ms, 2016ms total)
T2F4C 4386:206 JLINK_Connect() >0x2F8 JTAG>TotalIRLen = 4, IRPrint = 0x01 >0x30 JTAG> >0x410 JTAG> >0x70 JTAG> >0x48 JTAG> >0x40 JTAG> >0x48 JTAG>AP-IDR: 0x24770011, Type: AHB-AP >0x78 JTAG> >0x40 JTAG> >0x30 JTAG> >0x40 JTAG> >0x40 JTAG> >0x30 JTAG> >0x40 JTAG> >0x48 JTAG>Found Cortex-M3 r2p0, Little endian. -- CPU_ReadMem(4 bytes @ 0xE000EDF0) -- CPU_ReadMem(4 bytes @ 0xE0002000)FPUnit: 6 code (BP) slots and 2 literal slots -- CPU_ReadMem(4 bytes @ 0xE000EDFC) -- CPU_ReadMem(4 bytes @ 0xE0001000)
 -- CPU_WriteMem(4 bytes @ 0xE0001000) -- CPU_ReadMem(4 bytes @ 0xE000ED88) -- CPU_WriteMem(4 bytes @ 0xE000ED88) -- CPU_ReadMem(4 bytes @ 0xE000ED88) -- CPU_WriteMem(4 bytes @ 0xE000ED88)CoreSight components:ROMTbl 0 @ E00FF000 -- CPU_ReadMem(16 bytes @ 0xE00FF000) -- CPU_ReadMem(16 bytes @ 0xE000EFF0) -- CPU_ReadMem(16 bytes @ 0xE000EFE0)ROMTbl 0 [0]: FFF0F000, CID: B105E00D, PID: 002BB000 SCS -- CPU_ReadMem(16 bytes @ 0xE0001FF0) -- CPU_ReadMem(16 bytes @ 0xE0001FE0)
ROMTbl 0 [1]: FFF02000, CID: B105E00D, PID: 002BB002 DWT -- CPU_ReadMem(16 bytes @ 0xE0002FF0) -- CPU_ReadMem(16 bytes @ 0xE0002FE0)ROMTbl 0 [2]: FFF03000, CID: B105E00D, PID: 002BB003 FPB -- CPU_ReadMem(16 bytes @ 0xE0000FF0) -- CPU_ReadMem(16 bytes @ 0xE0000FE0)ROMTbl 0 [3]: FFF01000, CID: B105E00D, PID: 002BB001 ITM -- CPU_ReadMem(16 bytes @ 0xE00FF010) -- CPU_ReadMem(16 bytes @ 0xE0040FF0) -- CPU_ReadMem(16 bytes @ 0xE0040FE0)ROMTbl 0 [4]: FFF41000, CID: B105900D, PID: 002BB923 TPIU-Lite
  returns 0x00 (0013ms, 2029ms total)
T2F4C 4386:219 JLINK_Halt()  returns 0x00 (0002ms, 2031ms total)
T2F4C 4386:221 JLINK_WriteMem(0x400E0A04, 0x0004 Bytes, ...) - Data: 0B 01 00 5A -- CPU_WriteMem(4 bytes @ 0x400E0A04)  returns 0x04 (0000ms, 2031ms total)
T2F4C 4386:221 JLINK_ReadMem (0x400E0A08, 0x0004 Bytes, ...) -- CPU_ReadMem(4 bytes @ 0x400E0A08) - Data: 01 00 00 00  returns 0x00 (0001ms, 2032ms total)
T2F4C 4386:222 JLINK_WriteMem(0x400E0A04, 0x0004 Bytes, ...) - Data: 0C 02 00 5A -- CPU_WriteMem(4 bytes @ 0x400E0A04)  returns 0x04 (0000ms, 2032ms total)
T2F4C 4386:222 JLINK_ReadMem (0x400E0A08, 0x0004 Bytes, ...) -- CPU_ReadMem(4 bytes @ 0x400E0A08) - Data: 01 00 00 00  returns 0x00 (0001ms, 2033ms total)
T2F4C 4386:223 JLINK_Reset() -- CPU_ReadMem(16 bytes @ 0x20000000) -- CPU_WriteMem(16 bytes @ 0x20000000) -- CPU_ReadMem(4 bytes @ 0xE000EDFC) -- CPU_WriteMem(4 bytes @ 0xE000EDFC) -- CPU_ReadMem(4 bytes @ 0xE0001000) -- CPU_WriteMem(4 bytes @ 0xE000ED0C) -- CPU_ReadMem(4 bytes @ 0xE000EDF0) -- CPU_ReadMem(4 bytes @ 0xE000EDF0) -- CPU_WriteMem(4 bytes @ 0xE000EDFC) -- CPU_WriteMem(16 bytes @ 0x20000000) -- CPU_WriteMem(4 bytes @ 0xE0002000) -- CPU_ReadMem(4 bytes @ 0xE000EDFC)
 -- CPU_ReadMem(4 bytes @ 0xE0001000) (0020ms, 2053ms total)
T2F4C 4386:244 JLINK_JTAG_GetDeviceID(DeviceIndex = 0)  returns 0x4BA00477 (0000ms, 2053ms total)
T2F4C 4386:244 JLINK_ReadMemU32(0x400E0940, 0x0001 Items, ...) -- CPU_ReadMem(4 bytes @ 0x400E0940) - Data: 60 0A 5E 28  returns 0x01 (0001ms, 2054ms total)
T2F4C 4386:245 JLINK_ReadMemU32(0x400E0944, 0x0001 Items, ...) -- CPU_ReadMem(4 bytes @ 0x400E0944) - Data: 00 00 00 00  returns 0x01 (0000ms, 2054ms total)
T2F4C 4386:252 JLINK_BeginDownload(Flags = 0x00) (0000ms, 2054ms total)
T2F4C 4386:252 JLINK_WriteMem(0x00080000, 0x0420 Bytes, ...) - Data: B8 24 07 20 01 02 08 00 FD 01 08 00 FD 01 08 00 ...  returns 0x420 (0001ms, 2055ms total)
T2F4C 4386:253 JLINK_WriteMem(0x00080420, 0x0428 Bytes, ...) - Data: 00 00 00 00 EC 02 07 20 54 03 07 20 BC 03 07 20 ...  returns 0x428 (0000ms, 2055ms total)
T27E4 4386:253 JLINK_IsHalted()  returns TRUE (0000ms, 2055ms total)
T27E4 4386:253 JLINK_GetMOEs(...) -- CPU_ReadMem(4 bytes @ 0xE000ED30)  returns 0x01 (0000ms, 2055ms total)
T27E4 4386:253 JLINK_ReadReg(R15 (PC)) -- -------------------------------------- -- Start of determining dirty areas in flash cache -- End of determining dirty areas -- Start of preparing flash programming -- Calculating RAM usage -- RAM usage = 2356 Bytes -- Preserving CPU registers -- Preparing memory -- Determining CPU clock frequency -- Preparing target -- Downloading RAMCode -- Checking target RAM -- Preparing RAMCode -- End of preparing flash programming -- CPU speed could not be measured.
 -- Start of comparing flash -- CRC check was estimated as fastest method -- Comparing range 0x80000 - 0x808FF (9 Sectors, 2 KB), using multi-block CRC calculation -- CRC does not match for sectors 0-8 -- End of comparing flash -- Start of erasing sectors -- End of erasing sectors -- Start of flash programming -- Programming range 0x00080000 - 0x000808FF (009 Sectors, 2 KB) -- End of flash programming -- 0x80000 - 0x808FF (009 Sectors, 2 KB) -- Start of verifying flash
 -- Checksum calculation was estimated as fastest method -- Checksum is not supported by this flash bank. Switched to CRC method. -- End of verifying flash -- Start of restoring -- Restoring RAMCode -- Restore target -- Restore memory -- Restoring CPU registers -- End of restoring -- Flash programming performed for 1 range (2304 bytes) -- Total time needed: 0.069s (Prepare: 0.030s, Compare: 0.004s, Erase: 0.000s, Program: 0.029s, Verify: 0.001s, Restore: 0.002s)  returns 0xFFFFFFFE
 (0073ms, 2128ms total)
T2F4C 4386:326 JLINK_EndDownload()  returns 0x00 (0000ms, 2128ms total)
T14C0 4386:346 JLINK_EMU_GetList(InterfaceMask = 0x00000001, MaxInfos = 0x00000032) [0]: USB, S/N: 269303623  returns 0x01 (0001ms, 2129ms total)
T1728 4386:433 JLINK_Halt()  returns 0x00 (0000ms, 2129ms total)
T1728 4386:433 JLINK_ReadReg(R15 (PC))  returns 0xFFFFFFFE (0000ms, 2129ms total)
T1728 4386:433 JLINK_ReadReg(R13 (SP))  returns 0xFFFFFFFC (0000ms, 2129ms total)
T27E4 4386:526 JLINK_IsHalted()  returns TRUE (0000ms, 2129ms total)
T1728 4386:551 JLINK_ReadReg(R0)  returns 0x400E1A00 (0000ms, 2129ms total)
T1728 4386:551 JLINK_ReadReg(R1)  returns 0x00000000 (0000ms, 2129ms total)
T1728 4386:551 JLINK_ReadReg(R2)  returns 0xA5000004 (0000ms, 2129ms total)
T1728 4386:551 JLINK_ReadReg(R3)  returns 0x030F0000 (0000ms, 2129ms total)
T1728 4386:551 JLINK_ReadReg(R4)  returns 0x00000000 (0000ms, 2129ms total)
T1728 4386:551 JLINK_ReadReg(R5)  returns 0x0000000F (0000ms, 2129ms total)
T1728 4386:551 JLINK_ReadReg(R6)  returns 0x400B4000 (0000ms, 2129ms total)
T1728 4386:551 JLINK_ReadReg(R7)  returns 0x00080429 (0000ms, 2129ms total)
T1728 4386:551 JLINK_ReadReg(R8)  returns 0xC1A4D093 (0000ms, 2129ms total)
T1728 4386:551 JLINK_ReadReg(R9)  returns 0x19005D29 (0000ms, 2129ms total)
T1728 4386:551 JLINK_ReadReg(R10)  returns 0x20211143 (0000ms, 2129ms total)
T1728 4386:551 JLINK_ReadReg(R11)  returns 0x2A064C08 (0000ms, 2129ms total)
T1728 4386:551 JLINK_ReadReg(R12)  returns 0x09A8B181 (0000ms, 2129ms total)
T1728 4386:551 JLINK_ReadReg(R13 (SP))  returns 0xFFFFFFFC (0000ms, 2129ms total)
T1728 4386:551 JLINK_ReadReg(R14)  returns 0xFFFFFFFF (0000ms, 2129ms total)
T1728 4386:551 JLINK_ReadReg(R15 (PC))  returns 0xFFFFFFFE (0000ms, 2129ms total)
T1728 4386:551 JLINK_ReadReg(XPSR)  returns 0x01000000 (0000ms, 2129ms total)
T1728 4386:551 JLINK_ReadReg(MSP)  returns 0xFFFFFFFC (0000ms, 2129ms total)
T1728 4386:551 JLINK_ReadReg(PSP)  returns 0x408A145C (0000ms, 2129ms total)
T1728 4386:551 JLINK_ReadReg(PRIMASK)  returns 0x00000000 (0000ms, 2129ms total)
T1728 4386:551 JLINK_ReadReg(BASEPRI)  returns 0x00000000 (0000ms, 2129ms total)
T1728 4386:551 JLINK_ReadReg(FAULTMASK)  returns 0x00000000 (0000ms, 2129ms total)
T1728 4386:551 JLINK_ReadReg(CONTROL)  returns 0x00000000 (0001ms, 2130ms total)
T1728 4386:582 JLINK_Reset() -- CPU_ReadMem(16 bytes @ 0x20000000) -- CPU_WriteMem(16 bytes @ 0x20000000) -- CPU_ReadMem(4 bytes @ 0xE000EDFC) -- CPU_WriteMem(4 bytes @ 0xE000EDFC) -- CPU_ReadMem(4 bytes @ 0xE0001000) -- CPU_WriteMem(4 bytes @ 0xE000ED0C) -- CPU_ReadMem(4 bytes @ 0xE000EDF0) -- CPU_ReadMem(4 bytes @ 0xE000EDF0) -- CPU_WriteMem(4 bytes @ 0xE000EDFC) -- CPU_WriteMem(16 bytes @ 0x20000000) -- CPU_WriteMem(4 bytes @ 0xE0002000) -- CPU_ReadMem(4 bytes @ 0xE000EDFC)
 -- CPU_ReadMem(4 bytes @ 0xE0001000) (0020ms, 2150ms total)
T27E4 4386:602 JLINK_IsHalted()  returns TRUE (0000ms, 2150ms total)
T27E4 4386:602 JLINK_GetMOEs(...) -- CPU_ReadMem(4 bytes @ 0xE000ED30)  returns 0x01 (0001ms, 2151ms total)
T27E4 4386:603 JLINK_ReadReg(R15 (PC))  returns 0x00080200 (0000ms, 2151ms total)
T1728 4386:612 JLINK_ReadReg(R15 (PC))  returns 0x00080200 (0000ms, 2151ms total)
T1728 4386:612 JLINK_ReadReg(R13 (SP))  returns 0x200724B8 (0000ms, 2151ms total)
T1728 4386:641 JLINK_ReadMemHW(0x00080200, 0x0004 Bytes, ...) -- CPU_ReadMem(4 bytes @ 0x00080200) - Data: 08 B5 1E 4B  returns 0x00 (0001ms, 2152ms total)
T1728 4386:683 JLINK_ReadMemHW(0x000802AC, 0x0001 Bytes, ...) -- CPU_ReadMem(1 bytes @ 0x000802AC) - Data: 08  returns 0x00 (0000ms, 2152ms total)
T27E4 4386:803 JLINK_IsHalted()  returns TRUE (0000ms, 2152ms total)
T27E4 4387:004 JLINK_IsHalted()  returns TRUE (0000ms, 2152ms total)
T27E4 4387:204 JLINK_IsHalted()  returns TRUE (0000ms, 2152ms total)
T27E4 4387:404 JLINK_IsHalted()  returns TRUE (0000ms, 2152ms total)
T27E4 4387:605 JLINK_IsHalted()  returns TRUE (0000ms, 2152ms total)
T14C0 4387:658 JLINK_EMU_GetList(InterfaceMask = 0x00000001, MaxInfos = 0x00000032) [0]: USB, S/N: 269303623  returns 0x01 (0000ms, 2152ms total)
T27E4 4387:805 JLINK_IsHalted()  returns TRUE (0000ms, 2152ms total)
T27E4 4388:005 JLINK_IsHalted()  returns TRUE (0000ms, 2152ms total)
T2F4C 4388:157 JLINK_ReadMem (0x40000000, 0x01B0 Bytes, ...) -- CPU_ReadMem(432 bytes @ 0x40000000) - Data: 00 00 00 00 00 00 00 00 00 00 00 00 00 00 00 00 ...  returns 0x00 (0003ms, 2155ms total)
T2F4C 4388:162 JLINK_ReadMem (0x40000000, 0x01B0 Bytes, ...) -- CPU_ReadMem(432 bytes @ 0x40000000) - Data: 00 00 00 00 00 00 00 00 00 00 00 00 00 00 00 00 ...  returns 0x00 (0003ms, 2158ms total)
T27E4 4388:206 JLINK_IsHalted()  returns TRUE (0000ms, 2158ms total)
T27E4 4388:407 JLINK_IsHalted()  returns TRUE (0000ms, 2158ms total)
T27E4 4388:607 JLINK_IsHalted()  returns TRUE (0000ms, 2158ms total)
T27E4 4388:807 JLINK_IsHalted()  returns TRUE (0000ms, 2158ms total)
T14C0 4388:969 JLINK_EMU_GetList(InterfaceMask = 0x00000001, MaxInfos = 0x00000032) [0]: USB, S/N: 269303623  returns 0x01 (0001ms, 2159ms total)
T27E4 4389:009 JLINK_IsHalted()  returns TRUE (0000ms, 2159ms total)
T27E4 4389:209 JLINK_IsHalted()  returns TRUE (0000ms, 2159ms total)
T27E4 4389:410 JLINK_IsHalted()  returns TRUE (0000ms, 2159ms total)
T27E4 4389:610 JLINK_IsHalted()  returns TRUE (0000ms, 2159ms total)
T27E4 4389:812 JLINK_IsHalted()  returns TRUE (0000ms, 2159ms total)
T27E4 4390:012 JLINK_IsHalted()  returns TRUE (0000ms, 2159ms total)
T27E4 4390:212 JLINK_IsHalted()  returns TRUE (0000ms, 2159ms total)
T14C0 4390:281 JLINK_EMU_GetList(InterfaceMask = 0x00000001, MaxInfos = 0x00000032) [0]: USB, S/N: 269303623  returns 0x01 (0000ms, 2159ms total)
T27E4 4390:413 JLINK_IsHalted()  returns TRUE (0000ms, 2159ms total)
T27E4 4390:613 JLINK_IsHalted()  returns TRUE (0000ms, 2159ms total)
T27E4 4390:814 JLINK_IsHalted()  returns TRUE (0000ms, 2159ms total)
T27E4 4391:014 JLINK_IsHalted()  returns TRUE (0000ms, 2159ms total)
T27E4 4391:215 JLINK_IsHalted()  returns TRUE (0000ms, 2159ms total)
T27E4 4391:415 JLINK_IsHalted()  returns TRUE (0001ms, 2160ms total)
T14C0 4391:606 JLINK_EMU_GetList(InterfaceMask = 0x00000001, MaxInfos = 0x00000032) [0]: USB, S/N: 269303623  returns 0x01 (0001ms, 2160ms total)
T27E4 4391:616 JLINK_IsHalted()  returns TRUE (0000ms, 2160ms total)
T27E4 4391:816 JLINK_IsHalted()  returns TRUE (0000ms, 2160ms total)
T27E4 4392:016 JLINK_IsHalted()  returns TRUE (0000ms, 2160ms total)
T27E4 4392:216 JLINK_IsHalted()  returns TRUE (0000ms, 2160ms total)
T27E4 4392:416 JLINK_IsHalted()  returns TRUE (0000ms, 2160ms total)
T27E4 4392:617 JLINK_IsHalted()  returns TRUE (0000ms, 2160ms total)
T27E4 4392:818 JLINK_IsHalted()  returns TRUE (0000ms, 2160ms total)
T14C0 4392:918 JLINK_EMU_GetList(InterfaceMask = 0x00000001, MaxInfos = 0x00000032) [0]: USB, S/N: 269303623  returns 0x01 (0000ms, 2160ms total)
T27E4 4393:019 JLINK_IsHalted()  returns TRUE (0000ms, 2160ms total)
T27E4 4393:220 JLINK_IsHalted()  returns TRUE (0000ms, 2160ms total)
T27E4 4393:421 JLINK_IsHalted()  returns TRUE (0000ms, 2160ms total)
T27E4 4393:621 JLINK_IsHalted()  returns TRUE (0000ms, 2160ms total)
T27E4 4393:821 JLINK_IsHalted()  returns TRUE (0001ms, 2161ms total)
T27E4 4394:022 JLINK_IsHalted()  returns TRUE (0000ms, 2160ms total)
T27E4 4394:222 JLINK_IsHalted()  returns TRUE (0000ms, 2160ms total)
T14C0 4394:229 JLINK_EMU_GetList(InterfaceMask = 0x00000001, MaxInfos = 0x00000032) [0]: USB, S/N: 269303623  returns 0x01 (0000ms, 2160ms total)
T27E4 4394:423 JLINK_IsHalted()  returns TRUE (0000ms, 2160ms total)
T27E4 4394:623 JLINK_IsHalted()  returns TRUE (0000ms, 2160ms total)
T27E4 4394:823 JLINK_IsHalted()  returns TRUE (0000ms, 2160ms total)
T27E4 4395:023 JLINK_IsHalted()  returns TRUE (0000ms, 2160ms total)
T27E4 4395:224 JLINK_IsHalted()  returns TRUE (0000ms, 2160ms total)
T27E4 4395:424 JLINK_IsHalted()  returns TRUE (0000ms, 2160ms total)
T14C0 4395:541 JLINK_EMU_GetList(InterfaceMask = 0x00000001, MaxInfos = 0x00000032) [0]: USB, S/N: 269303623  returns 0x01 (0000ms, 2160ms total)
T27E4 4395:625 JLINK_IsHalted()  returns TRUE (0000ms, 2160ms total)
T27E4 4395:825 JLINK_IsHalted()  returns TRUE (0000ms, 2160ms total)
T27E4 4396:026 JLINK_IsHalted()  returns TRUE (0000ms, 2160ms total)
T1728 4396:125 JLINK_ReadMemHW(0x00080200, 0x0001 Bytes, ...) -- CPU_ReadMem(1 bytes @ 0x00080200) - Data: 08  returns 0x00 (0001ms, 2161ms total)
T27E4 4396:227 JLINK_IsHalted()  returns TRUE (0000ms, 2161ms total)
T27E4 4396:427 JLINK_IsHalted()  returns TRUE (0000ms, 2161ms total)
T27E4 4396:627 JLINK_IsHalted()  returns TRUE (0000ms, 2161ms total)
T27E4 4396:828 JLINK_IsHalted()  returns TRUE (0000ms, 2161ms total)
T14C0 4396:852 JLINK_EMU_GetList(InterfaceMask = 0x00000001, MaxInfos = 0x00000032) [0]: USB, S/N: 269303623  returns 0x01 (0000ms, 2161ms total)
T27E4 4397:029 JLINK_IsHalted()  returns TRUE (0000ms, 2161ms total)
T27E4 4397:229 JLINK_IsHalted()  returns TRUE (0000ms, 2161ms total)
T27E4 4397:429 JLINK_IsHalted()  returns TRUE (0001ms, 2162ms total)
T27E4 4397:630 JLINK_IsHalted()  returns TRUE (0000ms, 2161ms total)
T27E4 4397:831 JLINK_IsHalted()  returns TRUE (0000ms, 2161ms total)
T27E4 4398:031 JLINK_IsHalted()  returns TRUE (0000ms, 2161ms total)
T14C0 4398:176 JLINK_EMU_GetList(InterfaceMask = 0x00000001, MaxInfos = 0x00000032) [0]: USB, S/N: 269303623  returns 0x01 (0000ms, 2161ms total)
T27E4 4398:231 JLINK_IsHalted()  returns TRUE (0000ms, 2161ms total)
T27E4 4398:432 JLINK_IsHalted()  returns TRUE (0000ms, 2161ms total)
T27E4 4398:632 JLINK_IsHalted()  returns TRUE (0000ms, 2161ms total)
T27E4 4398:833 JLINK_IsHalted()  returns TRUE (0000ms, 2161ms total)
T27E4 4399:033 JLINK_IsHalted()  returns TRUE (0000ms, 2161ms total)
T27E4 4399:234 JLINK_IsHalted()  returns TRUE (0000ms, 2161ms total)
T27E4 4399:435 JLINK_IsHalted()  returns TRUE (0000ms, 2161ms total)
T2F4C 4399:435 JLINK_ResetPullsRESET(ON) (0000ms, 2161ms total)
T2F4C 4399:435 JLINK_ResetNoHalt() >0x2F8 JTAG>TotalIRLen = 4, IRPrint = 0x01 >0x30 JTAG> >0x410 JTAG> >0x70 JTAG> >0x48 JTAG> >0x40 JTAG> >0x48 JTAG>AP-IDR: 0x24770011, Type: AHB-AP >0x78 JTAG> >0x40 JTAG> >0x30 JTAG> >0x40 JTAG> >0x40 JTAG> >0x30 JTAG> >0x40 JTAG> >0x48 JTAG>Found Cortex-M3 r2p0, Little endian. -- CPU_ReadMem(4 bytes @ 0xE000EDF0) -- CPU_ReadMem(4 bytes @ 0xE0002000)FPUnit: 6 code (BP) slots and 2 literal slots -- CPU_ReadMem(4 bytes @ 0xE000EDFC) -- CPU_ReadMem(4 bytes @ 0xE0001000)
 -- CPU_ReadMem(4 bytes @ 0xE000ED88) -- CPU_WriteMem(4 bytes @ 0xE000ED88) -- CPU_ReadMem(4 bytes @ 0xE000ED88) -- CPU_WriteMem(4 bytes @ 0xE000ED88)CoreSight components:ROMTbl 0 @ E00FF000 -- CPU_ReadMem(16 bytes @ 0xE00FF000) -- CPU_ReadMem(16 bytes @ 0xE000EFF0) -- CPU_ReadMem(16 bytes @ 0xE000EFE0)ROMTbl 0 [0]: FFF0F000, CID: B105E00D, PID: 002BB000 SCS -- CPU_WriteMem(4 bytes @ 0xE0001000) -- CPU_ReadMem(16 bytes @ 0xE0001FF0) -- CPU_ReadMem(16 bytes @ 0xE0001FE0)
ROMTbl 0 [1]: FFF02000, CID: B105E00D, PID: 002BB002 DWT -- CPU_ReadMem(16 bytes @ 0xE0002FF0) -- CPU_ReadMem(16 bytes @ 0xE0002FE0)ROMTbl 0 [2]: FFF03000, CID: B105E00D, PID: 002BB003 FPB -- CPU_ReadMem(16 bytes @ 0xE0000FF0) -- CPU_ReadMem(16 bytes @ 0xE0000FE0)ROMTbl 0 [3]: FFF01000, CID: B105E00D, PID: 002BB001 ITM -- CPU_ReadMem(16 bytes @ 0xE00FF010) -- CPU_ReadMem(16 bytes @ 0xE0040FF0) -- CPU_ReadMem(16 bytes @ 0xE0040FE0)ROMTbl 0 [4]: FFF41000, CID: B105900D, PID: 002BB923 TPIU-Lite
                JLINK_Reset() -- CPU_ReadMem(16 bytes @ 0x20000000) -- CPU_WriteMem(16 bytes @ 0x20000000) -- CPU_ReadMem(4 bytes @ 0xE000EDFC) -- CPU_WriteMem(4 bytes @ 0xE000EDFC) -- CPU_ReadMem(4 bytes @ 0xE0001000) -- CPU_WriteMem(4 bytes @ 0xE0001004) -- CPU_WriteMem(4 bytes @ 0xE000ED0C) -- CPU_ReadMem(4 bytes @ 0xE000EDF0) -- CPU_ReadMem(4 bytes @ 0xE000EDF0) -- CPU_WriteMem(4 bytes @ 0xE000EDFC) -- CPU_WriteMem(16 bytes @ 0x20000000) -- CPU_WriteMem(4 bytes @ 0xE0002000)
 -- CPU_ReadMem(4 bytes @ 0xE000EDFC) -- CPU_ReadMem(4 bytes @ 0xE0001000) (0019ms, 0019ms total)
                JLINK_Go() -- CPU_ReadMem(4 bytes @ 0xE0001000) -- CPU_WriteMem(4 bytes @ 0xE0001004) (0001ms, 0020ms total)
               (0032ms, 2193ms total)
T2F4C 4399:475 JLINK_Close() >0x08 JTAG> (0007ms, 2200ms total)
T2F4C 4399:475  (0007ms, 2200ms total)
T2F4C 4399:475 Closed (0007ms, 2200ms total)
